TN:
SF:src\application\usecases\create-challenge-submission.ts
FN:9,execute
FNF:1
FNH:1
FNDA:1,execute
DA:1,1
DA:2,1
DA:3,1
DA:4,1
DA:5,1
DA:6,1
DA:7,1
DA:8,1
DA:9,1
DA:10,1
DA:11,1
DA:12,1
DA:13,1
DA:14,1
DA:15,1
DA:16,1
DA:17,1
LF:17
LH:17
BRDA:9,0,0,1
BRF:1
BRH:1
end_of_record
TN:
SF:src\core\domain\Entity.ts
FN:7,Entity
FNF:1
FNH:1
FNDA:1,Entity
DA:1,1
DA:2,1
DA:3,1
DA:4,1
DA:5,1
DA:6,1
DA:7,1
DA:8,1
DA:9,1
DA:10,1
DA:11,1
LF:11
LH:11
BRDA:7,0,0,1
BRDA:8,1,0,0
BRF:2
BRH:1
end_of_record
TN:
SF:src\domain\entities\submission.ts
FN:14,create
FN:10,Submission
FNF:2
FNH:2
FNDA:1,create
FNDA:1,Submission
DA:1,1
DA:2,1
DA:3,1
DA:4,1
DA:5,1
DA:6,1
DA:7,1
DA:8,1
DA:9,1
DA:10,1
DA:11,1
DA:12,1
DA:13,1
DA:14,1
DA:15,1
DA:16,1
DA:17,1
DA:18,1
DA:19,1
DA:20,1
DA:21,1
LF:21
LH:21
BRDA:14,0,0,1
BRDA:16,1,0,0
BRDA:10,2,0,1
BRF:3
BRH:2
end_of_record
